PointID,Lat,Lng,Elevation,LocalX,LocalY,LocalZ,HRMS,VRMS,Status,Age,NumSatellites,HDOP,VDOP,PDOP,TDOP,GDOP,Note,RW5RecordType,RodHeight,InstrumentHeight,InstrumentType,DateTime
5225,45.160993669355,-66.032681527097,4.09528,7363326.0449,2534730.6916,23.4657,0.005,0.008,FIXED,1.0,13,0.824,1.32,1.556,0.876,1.786,CP--6000,GPS,2.0,,GPS,2021-07-21 08:22:14+00:00
5226,45.160993634286,-66.032681544396,4.080253,7363326.0341,2534730.6879,23.4506,0.004,0.007,FIXED,1.0,13,0.825,1.319,1.556,0.876,1.785,CP--6000,GPS,2.0,,GPS,2021-07-21 08:23:01+00:00
5227,45.160993656404,-66.032681536595,4.086556,7363326.0409,2534730.6896,23.4569,0.005,0.008,FIXED,1.0,13,0.754,1.283,1.489,0.827,1.703,CP--6000,GPS,2.0,,GPS,2021-07-21 08:23:42+00:00
5228,45.160993642846,-66.032681514743,4.087694,7363326.0367,2534730.6944,23.4581,0.005,0.008,FIXED,1.0,12,0.782,1.369,1.576,0.902,1.816,CP--6000,GPS,2.0,,GPS,2021-07-21 08:24:14+00:00
5229,45.160862199127,-66.032689330114,2.662479,7363285.4480,2534729.2157,22.0337,0.005,0.009,FIXED,1.0,10,0.974,1.594,1.868,1.144,2.19,CL B,GPS,2.0,,GPS,2021-07-21 08:31:30+00:00
5230,45.160895198976,-66.032699629911,2.989357,7363295.6233,2534726.9139,22.3604,0.006,0.009,FIXED,1.0,13,0.724,1.172,1.378,0.76,1.573,CL B,GPS,2.0,,GPS,2021-07-21 08:31:51+00:00
5231,45.160937264027,-66.032713876195,3.355874,7363308.5924,2534723.7363,22.7268,0.005,0.008,FIXED,1.0,12,0.844,1.399,1.634,0.978,1.904,CL B,GPS,2.0,,GPS,2021-07-21 08:32:50+00:00
5232,45.160974415309,-66.032725538768,3.689246,7363320.0476,2534721.1303,23.0600,0.005,0.008,FIXED,1.0,11,1.01,1.681,1.961,1.19,2.294,CL B,GPS,2.0,,GPS,2021-07-21 08:33:04+00:00
5233,45.161027251425,-66.032742977768,4.112742,7363336.3381,2534717.2383,23.4832,0.005,0.008,FIXED,1.0,10,1.073,1.875,2.16,1.364,2.555,CL B,GPS,2.0,,GPS,2021-07-21 08:33:24+00:00
5234,45.161061892774,-66.032753673039,4.288441,7363347.0196,2534714.8475,23.6587,0.005,0.009,FIXED,1.0,10,0.969,2.487,2.67,1.717,3.174,CL B,GPS,2.0,,GPS,2021-07-21 08:33:39+00:00
5235,45.161086528403,-66.032762513474,4.470842,7363354.6145,2534712.8782,23.8410,0.004,0.007,FIXED,1.0,10,1.178,3.073,3.291,2.274,4.0,CL B,GPS,2.0,,GPS,2021-07-21 08:35:04+00:00
5236,45.161121871102,-66.032772772016,4.678629,7363365.5131,2534710.5814,24.0486,0.004,0.007,FIXED,1.0,11,1.078,1.914,2.197,1.393,2.601,CL B,GPS,2.0,,GPS,2021-07-21 08:35:22+00:00
5237,45.16115590955,-66.032784092596,4.896463,7363376.0077,2534708.0554,24.2663,0.004,0.007,FIXED,1.0,11,1.079,1.919,2.201,1.397,2.607,CL B,GPS,2.0,,GPS,2021-07-21 08:35:37+00:00
5238,45.161190146174,-66.032795542715,5.091989,7363386.5634,2534705.5007,24.4617,0.006,0.009,FIXED,1.0,9,1.293,1.768,2.19,1.362,2.579,CL B,GPS,2.0,,GPS,2021-07-21 08:36:04+00:00
5239,45.161233286994,-66.032810405276,5.356255,7363399.8639,2534702.1870,24.7257,0.004,0.008,FIXED,1.0,10,1.012,1.734,2.008,1.226,2.352,CL B,GPS,2.0,,GPS,2021-07-21 08:36:33+00:00
5240,45.1612576,-66.032817576502,5.419718,7363407.3611,2534700.5822,24.7891,0.006,0.01,FIXED,1.0,8,1.177,2.949,3.175,2.185,3.854,CL B,GPS,2.0,,GPS,2021-07-21 08:37:29+00:00
5241,45.161296581446,-66.032829762174,5.49143,7363419.3808,2534697.8591,24.8606,0.007,0.015,FIXED,1.0,8,1.291,1.814,2.226,1.396,2.628,CL B,GPS,2.0,,GPS,2021-07-21 08:38:26+00:00
5242,45.161330131288,-66.032840146085,5.572148,7363429.7257,2534695.5381,24.9412,0.005,0.009,FIXED,1.0,10,0.996,2.076,2.303,1.52,2.76,CL B,GPS,2.0,,GPS,2021-07-21 08:39:28+00:00
5243,45.161095340127,-66.03224268519,5.906016,7363357.9640,2534826.1821,25.2737,0.006,0.009,FIXED,1.0,9,1.203,2.207,2.514,1.699,3.034,CL B J5067,GPS,2.0,,GPS,2021-07-21 08:44:07+00:00
5244,45.161086273247,-66.032295660242,6.460382,7363355.1006,2534814.6494,25.8284,0.005,0.007,FIXED,1.0,10,1.023,1.645,1.937,1.23,2.295,CL B J5067,GPS,2.0,,GPS,2021-07-21 08:44:24+00:00
5245,45.161078418887,-66.032341002333,6.750026,7363352.6209,2534804.7786,26.1183,0.007,0.012,FIXED,1.0,8,0.924,1.215,1.526,0.838,1.741,CL B J5067,GPS,2.0,,GPS,2021-07-21 08:44:39+00:00
5246,45.161068580332,-66.032398982106,6.997434,7363349.5133,2534792.1563,26.3660,0.007,0.011,FIXED,1.0,12,0.81,1.211,1.457,0.819,1.671,CL B J5067,GPS,2.0,,GPS,2021-07-21 08:44:59+00:00
5247,45.16105975158,-66.032448424128,6.951537,7363346.7278,2534781.3934,26.3204,0.008,0.017,FIXED,1.0,10,0.81,1.211,1.457,0.819,1.671,CL B J5067,GPS,2.0,,GPS,2021-07-21 08:45:16+00:00
5248,45.161052518275,-66.032488281735,6.777816,7363344.4465,2534772.7171,26.1469,0.007,0.01,FIXED,1.0,13,0.718,1.173,1.376,0.76,1.572,CL B J5067,GPS,2.0,,GPS,2021-07-21 08:45:34+00:00
5249,0,0,0,0,0,0,,,,,,,,,,,CL,SS,2.0,1.691,TotalStation,2021-07-21 08:52:30+00:00
5250,0,0,0,0,0,0,,,,,,,,,,,CL,SS,2.0,1.691,TotalStation,2021-07-21 08:52:58+00:00
5251,0,0,0,0,0,0,,,,,,,,,,,CL,SS,2.0,1.691,TotalStation,2021-07-21 08:53:48+00:00
5252,0,0,0,0,0,0,,,,,,,,,,,CL,SS,2.0,1.691,TotalStation,2021-07-21 08:54:16+00:00
5253,0,0,0,0,0,0,,,,,,,,,,,CL D,SS,2.0,1.691,TotalStation,2021-07-21 08:54:42+00:00
5254,0,0,0,0,0,0,,,,,,,,,,,BLDS B,SS,2.0,1.691,TotalStation,2021-07-21 08:56:18+00:00
5255,0,0,0,0,0,0,,,,,,,,,,,BLDS B,SS,2.0,1.691,TotalStation,2021-07-21 08:56:30+00:00
5256,0,0,0,0,0,0,,,,,,,,,,,BLDS BLDF B,SS,2.0,1.691,TotalStation,2021-07-21 08:59:06+00:00
5257,0,0,0,0,0,0,,,,,,,,,,,BLDF,SS,2.0,1.691,TotalStation,2021-07-21 09:03:15+00:00
5258,0,0,0,0,0,0,,,,,,,,,,,BLDF A,SS,2.0,1.691,TotalStation,2021-07-21 09:03:49+00:00
5259,0,0,0,0,0,0,,,,,,,,,,,BLDF,SS,2.0,1.691,TotalStation,2021-07-21 09:05:02+00:00
5260,0,0,0,0,0,0,,,,,,,,,,,BLDF A,SS,2.0,1.691,TotalStation,2021-07-21 09:05:25+00:00
5261,0,0,0,0,0,0,,,,,,,,,,,BLDF,SS,2.0,1.691,TotalStation,2021-07-21 09:06:00+00:00
5262,0,0,0,0,0,0,,,,,,,,,,,BLDF E,SS,2.0,1.691,TotalStation,2021-07-21 09:06:16+00:00
5263,0,0,0,0,0,0,,,,,,,,,,,BLDF,SS,2.0,1.691,TotalStation,2021-07-21 09:07:04+00:00
5264,0,0,0,0,0,0,,,,,,,,,,,BLDF,SS,2.0,1.691,TotalStation,2021-07-21 09:07:44+00:00
5265,0,0,0,0,0,0,,,,,,,,,,,BLDF/ENTRENCE,SS,2.0,1.691,TotalStation,2021-07-21 09:08:33+00:00
5266,0,0,0,0,0,0,,,,,,,,,,,BLDF/ENTRENCE,SS,2.0,1.691,TotalStation,2021-07-21 09:09:01+00:00
5267,0,0,0,0,0,0,,,,,,,,,,,BLDF,SS,2.0,1.691,TotalStation,2021-07-21 09:09:28+00:00
5268,0,0,0,0,0,0,,,,,,,,,,,BLDF,SS,2.0,1.691,TotalStation,2021-07-21 09:12:17+00:00
5269,0,0,0,0,0,0,,,,,,,,,,,BLDF,SS,2.0,1.691,TotalStation,2021-07-21 09:12:49+00:00
5270,0,0,0,0,0,0,,,,,,,,,,,BLDF,SS,2.0,1.691,TotalStation,2021-07-21 09:13:03+00:00
5271,0,0,0,0,0,0,,,,,,,,,,,BLDF,SS,2.0,1.691,TotalStation,2021-07-21 09:13:17+00:00
5272,0,0,0,0,0,0,,,,,,,,,,,BLDF/ENTRENCE,SS,2.0,1.691,TotalStation,2021-07-21 09:13:44+00:00
5273,0,0,0,0,0,0,,,,,,,,,,,BLDF/ENTRENCE,SS,2.0,1.691,TotalStation,2021-07-21 09:14:01+00:00
5274,0,0,0,0,0,0,,,,,,,,,,,BLDF,SS,2.0,1.691,TotalStation,2021-07-21 09:14:18+00:00
5275,0,0,0,0,0,0,,,,,,,,,,,BLDF,SS,2.0,1.691,TotalStation,2021-07-21 09:14:46+00:00
5276,0,0,0,0,0,0,,,,,,,,,,,BLDF,SS,2.0,1.691,TotalStation,2021-07-21 09:14:58+00:00
5277,0,0,0,0,0,0,,,,,,,,,,,BLDF,SS,2.0,1.691,TotalStation,2021-07-21 09:15:57+00:00
5278,0,0,0,0,0,0,,,,,,,,,,,BLDS B J5035,SS,0.7,1.691,TotalStation,2021-07-21 09:32:07+00:00
5279,0,0,0,0,0,0,,,,,,,,,,,CP--6001,SS,0.7,1.691,TotalStation,2021-07-21 09:55:32+00:00
5279,0,0,0,0,0,0,,,,,,,,,,,CP--6001,SS,1.633,1.691,TotalStation,2021-07-21 09:59:08+00:00
5280,0,0,0,0,0,0,,,,,,,,,,,TRHW 450,SS,1.633,1.691,TotalStation,2021-07-21 10:18:59+00:00
5281,0,0,0,0,0,0,,,,,,,,,,,TRHW 450,SS,1.3,1.691,TotalStation,2021-07-21 10:19:15+00:00
5282,0,0,0,0,0,0,,,,,,,,,,,TRHW 500,SS,1.3,1.691,TotalStation,2021-07-21 10:19:54+00:00
5283,0,0,0,0,0,0,,,,,,,,,,,TRHW 550,SS,1.3,1.691,TotalStation,2021-07-21 10:20:30+00:00
5284,0,0,0,0,0,0,,,,,,,,,,,TRHW 500,SS,2.15,1.691,TotalStation,2021-07-21 10:21:17+00:00
5285,0,0,0,0,0,0,,,,,,,,,,,TRHW 700,SS,1.3,1.691,TotalStation,2021-07-21 10:22:43+00:00
5286,0,0,0,0,0,0,,,,,,,,,,,PLT B,SS,1.3,1.691,TotalStation,2021-07-21 10:25:58+00:00
5287,0,0,0,0,0,0,,,,,,,,,,,PLT A,SS,1.3,1.691,TotalStation,2021-07-21 10:26:25+00:00
5288,0,0,0,0,0,0,,,,,,,,,,,PLT,SS,1.3,1.691,TotalStation,2021-07-21 10:26:53+00:00
5289,0,0,0,0,0,0,,,,,,,,,,,PLT E,SS,1.3,1.691,TotalStation,2021-07-21 10:27:27+00:00
5290,0,0,0,0,0,0,,,,,,,,,,,PLT,SS,1.3,1.691,TotalStation,2021-07-21 10:27:40+00:00
5291,0,0,0,0,0,0,,,,,,,,,,,PLT,SS,1.3,1.691,TotalStation,2021-07-21 10:27:53+00:00
5292,0,0,0,0,0,0,,,,,,,,,,,PLT,SS,1.3,1.691,TotalStation,2021-07-21 10:28:26+00:00
5293,0,0,0,0,0,0,,,,,,,,,,,PLT D,SS,1.3,1.691,TotalStation,2021-07-21 10:28:55+00:00
5294,0,0,0,0,0,0,,,,,,,,,,,PLT B,SS,1.3,1.691,TotalStation,2021-07-21 10:30:19+00:00
5295,0,0,0,0,0,0,,,,,,,,,,,PLT,SS,1.3,1.691,TotalStation,2021-07-21 10:30:39+00:00
5296,0,0,0,0,0,0,,,,,,,,,,,PLT,SS,2.0,1.691,TotalStation,2021-07-21 10:31:11+00:00
5297,0,0,0,0,0,0,,,,,,,,,,,PLT,SS,2.0,1.691,TotalStation,2021-07-21 10:31:23+00:00
5298,0,0,0,0,0,0,,,,,,,,,,,PLT D,SS,2.0,1.691,TotalStation,2021-07-21 10:31:53+00:00
5299,0,0,0,0,0,0,,,,,,,,,,,PLT B,SS,2.0,1.691,TotalStation,2021-07-21 10:32:49+00:00
5300,0,0,0,0,0,0,,,,,,,,,,,PLT,SS,2.0,1.691,TotalStation,2021-07-21 10:33:07+00:00
5301,0,0,0,0,0,0,,,,,,,,,,,PLT,SS,2.0,1.691,TotalStation,2021-07-21 10:33:22+00:00
5302,0,0,0,0,0,0,,,,,,,,,,,PLT,SS,2.0,1.691,TotalStation,2021-07-21 10:33:38+00:00
5303,0,0,0,0,0,0,,,,,,,,,,,PLT D,SS,2.0,1.691,TotalStation,2021-07-21 10:34:35+00:00
5304,0,0,0,0,0,0,,,,,,,,,,,CP--6001,SS,1.633,1.691,TotalStation,2021-07-21 10:37:22+00:00
5305,0,0,0,0,0,0,,,,,,,,,,,BLDF B,SS,0.0,1.633,TotalStation,2021-07-21 12:04:16+00:00
5306,0,0,0,0,0,0,,,,,,,,,,,BLDF,SS,0.0,1.633,TotalStation,2021-07-21 12:05:14+00:00
5307,0,0,0,0,0,0,,,,,,,,,,,BLDF,SS,0.0,1.633,TotalStation,2021-07-21 12:05:54+00:00
5308,0,0,0,0,0,0,,,,,,,,,,,BLDS B,SS,0.0,1.633,TotalStation,2021-07-21 12:06:50+00:00
5309,0,0,0,0,0,0,,,,,,,,,,,BLDS,SS,0.0,1.633,TotalStation,2021-07-21 12:07:39+00:00
5310,0,0,0,0,0,0,,,,,,,,,,,CP/6000,SS,1.633,1.633,TotalStation,2021-07-21 12:08:28+00:00
6006A,45.16118939402,-66.032096925392,5.47058,7363387.1770,2534857.7951,24.8370,0.006,0.008,FIXED,1.0,10,0.837,1.378,1.612,0.907,1.849,CP/6000,GPS,2.0,,GPS,2021-07-21 12:29:32+00:00
6006B,45.16118944149,-66.032096921166,5.471435,7363387.1917,2534857.7959,24.8378,0.008,0.01,FIXED,1.0,10,0.837,1.377,1.611,0.906,1.848,CP/6000,GPS,2.0,,GPS,2021-07-21 12:30:01+00:00
6006C,45.161189457276,-66.032096896214,5.489292,7363387.1966,2534857.8013,24.8557,0.01,0.013,FIXED,1.0,10,0.889,1.382,1.643,0.931,1.889,CP/6000,GPS,2.0,,GPS,2021-07-21 12:30:33+00:00
6006D,45.161189363605,-66.032096935121,5.523884,7363387.1676,2534857.7930,24.8903,0.008,0.011,FIXED,1.0,10,0.889,1.38,1.641,0.93,1.886,CP/6000,GPS,2.0,,GPS,2021-07-21 12:30:59+00:00
6006,45.161168756248,-66.032100845619,4.921542,7363380.8010,2534856.9760,24.2881,0.012,0.013,FIXED,1.0,10,0.872,1.265,1.536,0.824,1.743,CP/MAG,GPS,2.0,,GPS,2021-07-21 12:45:08+00:00
5212,0,0,0,0,0,0,,,,,,,,,,,CP/6001,SS,1.3,1.584,TotalStation,2021-07-21 13:05:48+00:00
6006,0,0,0,0,0,0,,,,,,,,,,,CP/MAG,SS,1.3,1.584,TotalStation,2021-07-21 13:07:18+00:00
5311,0,0,0,0,0,0,,,,,,,,,,,BLDF B,SS,0.0,1.584,TotalStation,2021-07-21 13:11:05+00:00
5312,0,0,0,0,0,0,,,,,,,,,,,CP/6001,SS,1.3,1.584,TotalStation,2021-07-21 13:14:19+00:00
5313,0,0,0,0,0,0,,,,,,,,,,,BLDS,SS,0.0,1.626,TotalStation,2021-07-21 13:26:13+00:00
5314,0,0,0,0,0,0,,,,,,,,,,,BLDS B,SS,0.0,1.626,TotalStation,2021-07-21 13:27:09+00:00
5315,0,0,0,0,0,0,,,,,,,,,,,BLDS,SS,0.0,1.626,TotalStation,2021-07-21 13:27:53+00:00
5316,0,0,0,0,0,0,,,,,,,,,,,CP/6002,SS,1.584,1.626,TotalStation,2021-07-21 13:29:04+00:00
5317,0,0,0,0,0,0,,,,,,,,,,,CP/6002,SS,1.584,1.626,TotalStation,2021-07-21 13:31:55+00:00
5318,0,0,0,0,0,0,,,,,,,,,,,CP/6002,SS,1.584,1.626,TotalStation,2021-07-21 13:43:49+00:00
5319,45.161058783083,-66.032601733224,5.985093,7363346.2433,2534747.9747,25.3547,0.007,0.009,FIXED,1.0,14,0.677,1.044,1.244,0.675,1.415,BWL B,GPS,2.0,,GPS,2021-07-21 14:46:30+00:00
5320,45.161065189551,-66.032605435977,6.254356,7363348.2166,2534747.1565,25.6239,0.006,0.006,FIXED,1.0,7,0.663,1.009,1.207,0.642,1.367,BWL,GPS,2.0,,GPS,2021-07-21 14:46:41+00:00
5321,45.161076532747,-66.032609583804,6.320415,7363351.7135,2534746.2329,25.6899,0.007,0.008,FIXED,1.0,13,0.663,1.008,1.206,0.641,1.366,BWL,GPS,2.0,,GPS,2021-07-21 14:46:52+00:00
5322,45.161093105637,-66.032615807901,5.910194,7363356.8223,2534744.8477,25.2796,0.013,0.017,FIXED,1.0,13,0.681,1.008,1.216,0.644,1.376,BWL,GPS,2.0,,GPS,2021-07-21 14:47:08+00:00
5323,45.161117663828,-66.03262297515,5.664691,7363364.3953,2534743.2432,25.0340,0.015,0.017,FIXED,1.0,13,0.749,1.225,1.436,0.816,1.652,BWL,GPS,2.0,,GPS,2021-07-21 14:47:33+00:00
5324,45.161126394574,-66.032627481695,5.255457,7363367.0852,2534742.2459,24.6248,0.008,0.011,FIXED,1.0,9,1.025,1.466,1.789,1.053,2.075,BWL,GPS,2.0,,GPS,2021-07-21 14:48:11+00:00
5325,45.16111082362,-66.032639644155,5.085569,7363362.2634,2534739.6212,24.4550,0.004,0.006,FIXED,1.0,14,0.747,1.215,1.426,0.808,1.639,EL,GPS,2.0,,GPS,2021-07-21 14:48:59+00:00
5326,45.161092305045,-66.032630954717,5.180294,7363356.5568,2534741.5472,24.5498,0.006,0.008,FIXED,1.0,14,0.797,1.237,1.472,0.845,1.697,EL,GPS,2.0,,GPS,2021-07-21 14:49:18+00:00
5327,45.161071884932,-66.032619480652,5.786155,7363350.2666,2534744.0834,25.1558,0.005,0.006,FIXED,1.0,14,0.753,1.084,1.32,0.725,1.506,EL,GPS,2.0,,GPS,2021-07-21 14:49:37+00:00
5328,45.161182764995,-66.032756647051,5.25612,7363384.3317,2534713.9923,24.6257,0.004,0.006,FIXED,1.0,13,0.777,1.217,1.444,0.826,1.664,BWL B,GPS,2.0,,GPS,2021-07-21 14:50:28+00:00
5329,45.161187541717,-66.032723145181,5.209671,7363385.8468,2534721.2873,24.5790,0.006,0.008,FIXED,1.0,10,0.885,1.26,1.54,0.877,1.772,BWL,GPS,2.0,,GPS,2021-07-21 14:50:50+00:00
5330,45.161190871549,-66.032700506302,5.30557,7363386.9022,2534726.2167,24.6748,0.011,0.017,FIXED,1.0,8,1.103,1.838,2.143,1.408,2.565,BWL,GPS,2.0,,GPS,2021-07-21 14:51:18+00:00
25510,45.161193362359,-66.032676718528,5.262719,7363387.6999,2534731.3980,24.6318,0.008,0.011,FIXED,1.0,9,1.972,2.888,3.498,2.475,4.285,EL/0.5mOSBWL,GPS,2.0,,GPS,2021-07-21 14:57:20+00:00
25511,45.161176472168,-66.03268938895,5.009718,7363382.4703,2534728.6648,24.3790,0.006,0.008,FIXED,1.0,11,0.818,1.334,1.565,0.934,1.823,EL,GPS,2.0,,GPS,2021-07-21 14:59:08+00:00
25512,45.161179047507,-66.032675183766,5.141388,7363383.2825,2534731.7570,24.5106,0.006,0.008,FIXED,1.0,11,0.929,1.353,1.642,0.969,1.906,EL,GPS,2.0,,GPS,2021-07-21 14:59:19+00:00
25513,45.161184617645,-66.03275451225,5.330292,7363384.9062,2534714.4545,24.6998,0.005,0.006,FIXED,1.0,13,0.773,1.206,1.433,0.819,1.65,EL,GPS,2.0,,GPS,2021-07-21 15:00:18+00:00
25514,45.161189526324,-66.032719460197,6.426139,7363386.4640,2534722.0872,25.7955,0.006,0.007,FIXED,1.0,12,0.866,1.384,1.633,0.979,1.904,EL,GPS,2.0,,GPS,2021-07-21 15:00:44+00:00
25515,45.161196717254,-66.032676499171,7.66606,7363388.7359,2534731.4400,27.0351,0.006,0.008,FIXED,1.0,12,0.886,1.34,1.606,0.95,1.866,EL,GPS,2.0,,GPS,2021-07-21 15:01:10+00:00
25516,45.161202260717,-66.032644162987,8.678776,7363390.4864,2534738.4796,28.0477,0.018,0.015,FIXED,1.0,12,0.768,1.252,1.469,0.852,1.698,EL,GPS,2.0,,GPS,2021-07-21 15:01:23+00:00
25517,45.161211149125,-66.03260093057,9.241859,7363393.2827,2534747.8887,28.6105,0.011,0.012,FIXED,1.0,10,1.081,1.554,1.894,1.188,2.236,EL,GPS,2.0,,GPS,2021-07-21 15:02:39+00:00
25518,45.161208582052,-66.032580389998,9.451623,7363392.5150,2534752.3707,28.8202,0.006,0.007,FIXED,1.0,9,0.932,1.343,1.635,0.874,1.854,SW B,GPS,2.0,,GPS,2021-07-21 15:03:09+00:00
25519,45.161174186685,-66.032569582874,9.708029,7363381.9096,2534754.7855,29.0768,0.005,0.006,FIXED,1.0,11,0.971,1.341,1.656,0.985,1.927,SW,GPS,2.0,,GPS,2021-07-21 15:03:32+00:00
25520,45.161180285628,-66.032512317396,10.101875,7363383.8617,2534767.2585,29.4703,0.004,0.005,FIXED,1.0,14,0.772,1.195,1.422,0.811,1.638,SW,GPS,2.0,,GPS,2021-07-21 15:03:58+00:00
5331,45.161199172668,-66.032414451522,10.292516,7363389.8110,2534788.5601,29.6604,0.005,0.007,FIXED,1.0,12,1.004,1.424,1.742,1.031,2.025,EL,GPS,2.0,,GPS,2021-07-21 15:05:48+00:00
5332,45.161175467219,-66.032412319337,9.308307,7363382.4952,2534789.0656,28.6763,0.007,0.009,FIXED,1.0,9,1.303,2.261,2.609,1.808,3.174,EL,GPS,2.0,,GPS,2021-07-21 15:06:16+00:00
5333,45.161142909708,-66.032420560331,8.143086,7363372.4341,2534787.3249,27.5113,0.006,0.009,FIXED,1.0,11,1.21,1.686,2.075,1.351,2.476,EL,GPS,2.0,,GPS,2021-07-21 15:09:10+00:00
5334,45.161117479654,-66.032403138621,7.498112,7363364.6044,2534791.1664,26.8664,0.011,0.015,FIXED,1.0,11,1.211,1.682,2.072,1.348,2.472,EL,GPS,2.0,,GPS,2021-07-21 15:09:34+00:00
5335,45.161204776776,-66.03239318291,10.474263,7363391.5669,2534793.1869,29.8420,0.009,0.01,FIXED,1.0,10,0.876,1.249,1.526,0.874,1.758,EL,GPS,2.0,,GPS,2021-07-21 15:10:24+00:00
5336,45.161207605134,-66.032371319871,10.504267,7363392.4665,2534797.9480,29.8719,0.008,0.009,FIXED,1.0,11,0.926,1.366,1.651,0.986,1.923,EL,GPS,2.0,,GPS,2021-07-21 15:10:35+00:00
5337,45.161209950079,-66.032349846624,10.526377,7363393.2165,2534802.6250,29.8938,0.011,0.012,FIXED,1.0,10,0.895,1.313,1.589,0.951,1.852,EL,GPS,2.0,,GPS,2021-07-21 15:10:47+00:00
5338,45.161252190991,-66.032383259865,10.942657,7363406.2166,2534795.2687,30.3100,0.017,0.013,FIXED,1.0,10,0.717,1.084,1.3,0.711,1.481,FNC B J 5050,GPS,2.0,,GPS,2021-07-21 15:11:44+00:00
5339,45.161254393905,-66.032516713426,10.041513,7363406.7351,2534766.1732,29.4095,0.01,0.013,FIXED,1.0,9,1.007,1.427,1.746,1.065,2.045,EL,GPS,2.0,,GPS,2021-07-21 15:13:19+00:00
5340,45.161249300878,-66.032546623977,9.707546,7363405.1266,2534759.6617,29.0757,0.007,0.01,FIXED,1.0,10,1.194,1.764,2.13,1.386,2.541,EL,GPS,2.0,,GPS,2021-07-21 15:13:34+00:00
5341,45.161240704003,-66.03258838193,9.312941,7363402.4220,2534750.5735,28.6813,0.007,0.011,FIXED,1.0,10,1.195,1.763,2.129,1.385,2.54,EL,GPS,2.0,,GPS,2021-07-21 15:13:49+00:00
5342,45.161235233944,-66.032624071544,9.024162,7363400.6902,2534742.8029,28.3928,0.007,0.01,FIXED,1.0,9,1.23,1.971,2.324,1.553,2.795,EL,GPS,2.0,,GPS,2021-07-21 15:14:02+00:00
5343,45.161224310464,-66.032648702626,8.631783,7363397.2881,2534737.4522,28.0006,0.008,0.013,FIXED,1.0,8,1.238,2.017,2.367,1.673,2.898,EL,GPS,2.0,,GPS,2021-07-21 15:14:19+00:00
5344,45.161213464536,-66.032657867478,8.364713,7363393.9286,2534735.4729,27.7336,0.012,0.017,FIXED,1.0,7,1.511,1.43,2.08,1.031,2.322,EL,GPS,2.0,,GPS,2021-07-21 15:14:30+00:00
5345,45.161205843146,-66.032696192445,7.290387,7363391.5294,2534727.1314,26.6595,0.01,0.012,FIXED,1.0,9,1.831,2.287,2.929,1.986,3.539,EL,GPS,2.0,,GPS,2021-07-21 15:15:44+00:00
5346,45.1611998873,-66.03273335832,6.216029,7363389.6458,2534719.0398,25.5854,0.01,0.013,FIXED,1.0,9,1.827,2.276,2.919,1.977,3.526,EL,GPS,2.0,,GPS,2021-07-21 15:16:05+00:00
5347,45.161196379954,-66.032758835614,5.230503,7363388.5322,2534713.4919,24.6000,0.005,0.007,FIXED,1.0,11,0.895,1.245,1.533,0.888,1.771,EL,GPS,2.0,,GPS,2021-07-21 15:16:32+00:00
5348,45.161184026938,-66.032756596273,5.219731,7363384.7213,2534714.0012,24.5893,0.004,0.006,FIXED,1.0,12,0.897,1.241,1.531,0.886,1.769,AE B,GPS,2.0,,GPS,2021-07-21 15:17:24+00:00
5349,45.161187744911,-66.032742010837,5.839571,7363385.8868,2534717.1744,25.2090,0.006,0.009,FIXED,1.0,12,0.897,1.24,1.53,0.885,1.768,AE,GPS,2.0,,GPS,2021-07-21 15:17:43+00:00
5350,45.16119321323,-66.032706166401,6.884019,7363387.6183,2534724.9788,26.2533,0.007,0.011,FIXED,1.0,11,1.08,1.466,1.821,1.11,2.132,AE,GPS,2.0,,GPS,2021-07-21 15:17:58+00:00
5351,45.16119828198,-66.032672506495,7.813979,7363389.2238,2534732.3077,27.1830,0.005,0.008,FIXED,1.0,10,1.16,1.332,1.766,0.994,2.027,AE,GPS,2.0,,GPS,2021-07-21 15:18:12+00:00
5352,45.161201172044,-66.032654130182,8.33545,7363390.1382,2534736.3087,27.7044,0.006,0.007,FIXED,1.0,10,1.161,1.33,1.766,0.993,2.026,AE,GPS,2.0,,GPS,2021-07-21 15:18:25+00:00
5353,45.161199966357,-66.032652634095,8.371251,7363389.7678,2534736.6369,27.7402,0.006,0.007,FIXED,1.0,11,1.162,1.329,1.765,0.992,2.025,AE,GPS,2.0,,GPS,2021-07-21 15:18:34+00:00
5354,45.161200927666,-66.032645337858,8.573771,7363390.0734,2534738.2257,27.9427,0.006,0.007,FIXED,1.0,10,1.208,1.354,1.815,0.991,2.068,AE,GPS,2.0,,GPS,2021-07-21 15:18:43+00:00
5355,45.161172108142,-66.032692881271,5.040257,7363381.1188,2534727.9110,24.4096,0.006,0.009,FIXED,1.0,11,0.891,1.228,1.518,0.873,1.751,EL,GPS,2.0,,GPS,2021-07-21 15:19:51+00:00
5356,45.161153175384,-66.03268809557,5.027395,7363375.2796,2534728.9867,24.3968,0.005,0.007,FIXED,1.0,11,1.133,1.837,2.158,1.432,2.59,EL,GPS,2.0,,GPS,2021-07-21 15:20:02+00:00
5357,45.16113342887,-66.032682107118,4.935436,7363369.1907,2534730.3259,24.3049,0.004,0.005,FIXED,1.0,10,0.956,1.432,1.722,1.05,2.017,EL,GPS,2.0,,GPS,2021-07-21 15:20:14+00:00
5358,45.161119949192,-66.032669051094,4.965185,7363365.0451,2534733.1951,24.3347,0.004,0.007,FIXED,1.0,11,0.956,1.431,1.721,1.049,2.015,EL,GPS,2.0,,GPS,2021-07-21 15:20:25+00:00
5359,45.161058949575,-66.032624905867,5.662673,7363346.2667,2534742.9229,25.0324,0.004,0.005,FIXED,1.0,13,0.779,1.134,1.376,0.773,1.578,EL,GPS,2.0,,GPS,2021-07-21 15:22:03+00:00
5360,45.161053971133,-66.032652565896,5.20243,7363344.6963,2534736.9017,24.5723,0.004,0.005,FIXED,1.0,13,0.779,1.132,1.374,0.771,1.575,EL,GPS,2.0,,GPS,2021-07-21 15:22:19+00:00
5361,45.161049235037,-66.032683323488,4.721612,7363343.1970,2534730.2049,24.0917,0.004,0.005,FIXED,1.0,13,0.778,1.129,1.371,0.769,1.572,EL,GPS,2.0,,GPS,2021-07-21 15:22:33+00:00
5362,45.161043702333,-66.032707572745,4.216105,7363341.4596,2534724.9282,23.5863,0.004,0.005,FIXED,1.0,12,0.807,1.173,1.424,0.82,1.643,EL,GPS,2.0,,GPS,2021-07-21 15:22:47+00:00
5363,45.161039415617,-66.032705175854,4.281373,7363340.1391,2534725.4580,23.6516,0.003,0.005,FIXED,1.0,11,0.894,1.364,1.631,1.014,1.921,EL,GPS,2.0,,GPS,2021-07-21 15:22:57+00:00
5364,45.161042791349,-66.032685710804,4.721772,7363341.2048,2534729.6955,24.0919,0.004,0.006,FIXED,1.0,11,0.777,1.123,1.366,0.764,1.565,EL,GPS,2.0,,GPS,2021-07-21 15:23:09+00:00
5365,45.161048275988,-66.032656903641,5.22724,7363342.9328,2534735.9659,24.5972,0.004,0.005,FIXED,1.0,13,0.97,1.408,1.71,1.037,2.0,EL,GPS,2.0,,GPS,2021-07-21 15:23:21+00:00
5366,45.161054017495,-66.032622471924,5.762476,7363344.7470,2534743.4620,25.1322,0.005,0.007,FIXED,1.0,12,0.869,1.242,1.516,0.884,1.755,EL,GPS,2.0,,GPS,2021-07-21 15:23:34+00:00
5367,45.161057217864,-66.032601028749,5.978533,7363345.7609,2534748.1309,25.3481,0.005,0.007,FIXED,1.0,12,0.838,1.232,1.49,0.861,1.721,EL,GPS,2.0,,GPS,2021-07-21 15:23:49+00:00
5368,45.161077553993,-66.032722676146,4.497104,7363351.8920,2534721.5778,23.8672,0.004,0.006,FIXED,1.0,12,0.891,1.316,1.589,0.948,1.851,EL,GPS,2.0,,GPS,2021-07-21 15:24:18+00:00
5369,45.16109992697,-66.032730476188,4.620782,7363358.7896,2534719.8391,23.9907,0.004,0.006,FIXED,1.0,12,0.891,1.315,1.588,0.947,1.849,EL,GPS,2.0,,GPS,2021-07-21 15:24:30+00:00
5370,45.161130035029,-66.032740163583,4.732144,7363368.0728,2534717.6758,24.1019,0.004,0.006,FIXED,1.0,12,0.838,1.223,1.482,0.855,1.711,EL,GPS,2.0,,GPS,2021-07-21 15:24:42+00:00
5371,45.161131005392,-66.032733960751,4.770155,7363368.3799,2534719.0263,24.1399,0.003,0.005,FIXED,1.0,13,0.837,1.222,1.481,0.854,1.71,EL,GPS,2.0,,GPS,2021-07-21 15:24:52+00:00
5372,45.16110361876,-66.032724390617,4.672935,7363359.9367,2534721.1594,24.0428,0.003,0.005,FIXED,1.0,12,0.89,1.309,1.583,0.944,1.843,EL,GPS,2.0,,GPS,2021-07-21 15:25:13+00:00
5373,45.161083547064,-66.032717665486,4.591815,7363353.7483,2534722.6598,23.9618,0.004,0.006,FIXED,1.0,12,0.799,1.137,1.39,0.788,1.598,EL,GPS,2.0,,GPS,2021-07-21 15:25:38+00:00
5374,45.161182608475,-66.032757547941,5.129261,7363384.2823,2534713.7962,24.4988,0.005,0.008,FIXED,1.0,12,0.912,1.282,1.574,0.928,1.827,EL,GPS,2.0,,GPS,2021-07-21 15:26:15+00:00
5375,45.161172716603,-66.03275437516,5.022887,7363381.2323,2534714.5048,24.3925,0.005,0.008,FIXED,1.0,11,0.913,1.282,1.574,0.928,1.827,EL,GPS,2.0,,GPS,2021-07-21 15:26:25+00:00
5376,45.161161456976,-66.032750680454,4.877978,7363377.7607,2534715.3295,24.2476,0.004,0.006,FIXED,1.0,11,0.77,1.107,1.349,0.754,1.545,EL,GPS,2.0,,GPS,2021-07-21 15:26:37+00:00
5377,45.161162153504,-66.032744269047,4.874975,7363377.9835,2534716.7259,24.2446,0.004,0.005,FIXED,1.0,13,0.77,1.106,1.348,0.754,1.545,EL,GPS,2.0,,GPS,2021-07-21 15:26:47+00:00
5378,45.16117254689,-66.032747421478,4.982287,7363381.1883,2534716.0209,24.3519,0.004,0.006,FIXED,1.0,13,0.77,1.106,1.348,0.754,1.544,EL,GPS,2.0,,GPS,2021-07-21 15:26:58+00:00
5379,45.161181651304,-66.03275048031,5.069939,7363383.9953,2534715.3385,24.4395,0.004,0.006,FIXED,1.0,12,0.914,1.283,1.575,0.929,1.828,EL,GPS,2.0,,GPS,2021-07-21 15:27:10+00:00
5380,45.161270690761,-66.03263855011,8.32299,7363411.6189,2534739.5859,27.6914,0.005,0.008,FIXED,1.0,11,1.142,1.466,1.858,1.177,2.2,EL/2.5mOSBLDS,GPS,2.0,,GPS,2021-07-21 15:44:28+00:00
5381,45.161260972441,-66.032647146847,8.298252,7363408.6082,2534737.7286,27.6668,0.008,0.012,FIXED,1.0,10,1.039,1.229,1.609,0.939,1.863,EL/2.5mOSBLDS,GPS,2.0,,GPS,2021-07-21 15:45:13+00:00
5383,45.161295997053,-66.032428851546,11.073589,7363419.6852,2534785.2550,30.4409,0.006,0.009,FIXED,1.0,12,0.874,1.211,1.493,0.889,1.738,EL/2.5mOSBLDS,GPS,2.0,,GPS,2021-07-21 15:54:57+00:00
5384,45.161303137266,-66.032432604284,11.066927,7363421.8850,2534784.4247,30.4342,0.004,0.006,FIXED,1.0,12,0.876,1.215,1.497,0.893,1.743,EL/2.5mOSBLDS,GPS,2.0,,GPS,2021-07-21 15:55:36+00:00
5386,45.161282242089,-66.032422989344,11.006044,7363415.4458,2534786.5565,30.3734,0.005,0.009,FIXED,1.0,10,1.033,1.38,1.724,1.057,2.022,EL/2.5mOSBLDS,GPS,2.0,,GPS,2021-07-21 15:57:33+00:00
5387,45.161272664997,-66.032431258304,11.026868,7363412.4792,2534784.7704,30.3943,0.006,0.01,FIXED,1.0,12,0.924,1.187,1.505,0.878,1.742,EL/2.5mOSBLDS,GPS,2.0,,GPS,2021-07-21 15:58:10+00:00
5389,45.160993661654,-66.032681540411,4.105959,7363326.0425,2534730.6887,23.4763,0.004,0.007,FIXED,1.0,13,0.784,1.078,1.333,0.759,1.533,CP--6000,GPS,2.0,,GPS,2021-07-21 16:05:00+00:00
